<?xml version="1.0" encoding="UTF-8"?>
<!-- Generated by org.testng.reporters.JUnitXMLReporter -->
<testsuite ignored="0" hostname="DESKTOP-OE45J9V" failures="0" tests="1" name="Test-2" time="15.459" errors="0" timestamp="2021-12-27T15:11:38 IST">
  <testcase classname="com.crm.AutoDesk.CreateOrgWithIndustryAndType" name="createOrgWithIndusTest" time="8.807"/>
</testsuite> <!-- Test-2 -->
