<?xml version="1.0" encoding="UTF-8"?>
<!-- Generated by org.testng.reporters.JUnitXMLReporter -->
<testsuite ignored="0" hostname="DESKTOP-OE45J9V" failures="0" tests="2" name="Test-1" time="19.285" errors="0" timestamp="2021-12-27T15:11:42 IST">
  <testcase classname="com.crm.AutoDesk.CreateOrgTest" name="createOrgTest" time="8.071"/>
  <testcase classname="com.crm.AutoDesk.CreateOrgTest" name="demoTest" time="0.003"/>
</testsuite> <!-- Test-1 -->
