<?xml version="1.0" encoding="UTF-8"?>
<!-- Generated by org.testng.reporters.JUnitReportReporter -->
<testsuite hostname="DESKTOP-OE45J9V" failures="0" tests="5" name="Practice.DataProviderPracticeTest" time="0.009" errors="0" timestamp="2021-12-24T10:07:10 IST" skipped="0">
  <testcase classname="Practice.DataProviderPracticeTest" name="readDataFromDataProviderPracticeTest" time="0.001"/>
  <system-out/>
  <testcase classname="Practice.DataProviderPracticeTest" name="readDataFromDataProviderPracticeTest" time="0.004"/>
  <system-out/>
  <testcase classname="Practice.DataProviderPracticeTest" name="readDataFromDataProviderPracticeTest" time="0.001"/>
  <system-out/>
  <testcase classname="Practice.DataProviderPracticeTest" name="readDataFromDataProviderPracticeTest" time="0.001"/>
  <system-out/>
  <testcase classname="Practice.DataProviderPracticeTest" name="readDataFromDataProviderPracticeTest" time="0.002"/>
  <system-out/>
</testsuite> <!-- Practice.DataProviderPracticeTest -->
