<?xml version="1.0" encoding="UTF-8"?>
<!-- Generated by org.testng.reporters.JUnitReportReporter -->
<testsuite hostname="DESKTOP-OE45J9V" failures="0" tests="3" name="Practice.DataProviderTest" time="0.010" errors="0" timestamp="2021-12-24T09:57:20 IST" skipped="0">
  <testcase classname="Practice.DataProviderTest" name="readDataFromDataProviderTest" time="0.002"/>
  <system-out/>
  <testcase classname="Practice.DataProviderTest" name="readDataFromDataProviderTest" time="0.004"/>
  <system-out/>
  <testcase classname="Practice.DataProviderTest" name="readDataFromDataProviderTest" time="0.004"/>
  <system-out/>
</testsuite> <!-- Practice.DataProviderTest -->
