<?xml version="1.0" encoding="UTF-8"?>
<!-- Generated by org.testng.reporters.JUnitReportReporter -->
<testsuite hostname="DESKTOP-OE45J9V" failures="0" tests="1" name="com.crm.AutoDesk.CreateOrgWithIndustryAndType" time="14.239" errors="0" timestamp="2021-12-27T16:21:53 IST" skipped="0">
  <testcase classname="com.crm.AutoDesk.CreateOrgWithIndustryAndType" name="createOrgWithIndusTest" time="14.239"/>
  <system-out/>
</testsuite> <!-- com.crm.AutoDesk.CreateOrgWithIndustryAndType -->
