<?xml version="1.0" encoding="UTF-8"?>
<!-- Generated by org.testng.reporters.JUnitReportReporter -->
<testsuite hostname="DESKTOP-OE45J9V" failures="0" tests="1" name="com.crm.AutoDeskContacts.CreateContactWithOrgByWhile" time="22.746" errors="0" timestamp="2021-12-27T15:07:27 IST" skipped="0">
  <testcase classname="com.crm.AutoDeskContacts.CreateContactWithOrgByWhile" name="createontactWithOrgTest" time="22.746"/>
  <system-out/>
</testsuite> <!-- com.crm.AutoDeskContacts.CreateContactWithOrgByWhile -->
